0 info it worked if it ends with ok
1 verbose cli [ 'C:\\desenv\\programs\\nodejs\\node.exe',
1 verbose cli   'C:\\desenv\\programs\\nodejs\\node_modules\\npm\\bin\\npm-cli.js',
1 verbose cli   'run',
1 verbose cli   'lint' ]
2 info using npm@3.10.10
3 info using node@v6.9.5
4 verbose run-script [ 'prelint', 'lint', 'postlint' ]
5 info lifecycle server@1.0.0~prelint: server@1.0.0
6 silly lifecycle server@1.0.0~prelint: no script for prelint, continuing
7 info lifecycle server@1.0.0~lint: server@1.0.0
8 verbose lifecycle server@1.0.0~lint: unsafe-perm in lifecycle true
9 verbose lifecycle server@1.0.0~lint: PATH: C:\desenv\programs\nodejs\node_modules\npm\bin\node-gyp-bin;C:\desenv\vue-node-express\vue-express-course\server\node_modules\.bin;C:\desenv\programs\Git\mingw64\bin;C:\desenv\programs\Git\usr\bin;C:\Users\p_6400\bin;C:\program files (x86)\graphicsmagick-1.3.25-q16;C:\ProgramData\Oracle\Java\javapath;C:\windows\system32;C:\windows;C:\windows\System32\Wbem;C:\windows\System32\WindowsPowerShell\v1.0;C:\Program Files\Intel\DMIX;C:\Program Files\Java\jdk1.8.0_40\bin;C:\desenv\programs\apache-maven-3.0.4\bin;C:\Program Files\Java\jre1.8.0_40\bin;C:\desenv\programs\instantclient_11_2;C:\Program Files (x86)\FrontRange Solutions\Service Management;C:\Users\p_6400\.dnx\bin;C:\Program Files\Microsoft DNX\Dnvm;C:\Users\p_6400\AppData\Roaming\npm;C:\Program Files (x86)\Meld;C:\desenv\programs\nodejs;C:\Program Files (x86)\Yarn\bin;C:\desenv\programs\Git\cmd;C:\Users\p_6400\AppData\Local\atom\bin;C:\Program Files (x86)\Microsoft VS Code\bin;C:\Users\p_6400\AppData\Roaming\npm;C:\Users\p_6400\AppData\Local\Yarn\bin
10 verbose lifecycle server@1.0.0~lint: CWD: C:\desenv\vue-node-express\vue-express-course\server
11 silly lifecycle server@1.0.0~lint: Args: [ '/d /s /c', 'node-modules/.bin/eslint **/*.js' ]
12 silly lifecycle server@1.0.0~lint: Returned: code: 1  signal: null
13 info lifecycle server@1.0.0~lint: Failed to exec lint script
14 verbose stack Error: server@1.0.0 lint: `node-modules/.bin/eslint **/*.js`
14 verbose stack Exit status 1
14 verbose stack     at EventEmitter.<anonymous> (C:\desenv\programs\nodejs\node_modules\npm\lib\utils\lifecycle.js:255:16)
14 verbose stack     at emitTwo (events.js:106:13)
14 verbose stack     at EventEmitter.emit (events.js:191:7)
14 verbose stack     at ChildProcess.<anonymous> (C:\desenv\programs\nodejs\node_modules\npm\lib\utils\spawn.js:40:14)
14 verbose stack     at emitTwo (events.js:106:13)
14 verbose stack     at ChildProcess.emit (events.js:191:7)
14 verbose stack     at maybeClose (internal/child_process.js:877:16)
14 verbose stack     at Process.ChildProcess._handle.onexit (internal/child_process.js:226:5)
15 verbose pkgid server@1.0.0
16 verbose cwd C:\desenv\vue-node-express\vue-express-course\server
17 error Windows_NT 6.1.7601
18 error argv "C:\\desenv\\programs\\nodejs\\node.exe" "C:\\desenv\\programs\\nodejs\\node_modules\\npm\\bin\\npm-cli.js" "run" "lint"
19 error node v6.9.5
20 error npm  v3.10.10
21 error code ELIFECYCLE
22 error server@1.0.0 lint: `node-modules/.bin/eslint **/*.js`
22 error Exit status 1
23 error Failed at the server@1.0.0 lint script 'node-modules/.bin/eslint **/*.js'.
23 error Make sure you have the latest version of node.js and npm installed.
23 error If you do, this is most likely a problem with the server package,
23 error not with npm itself.
23 error Tell the author that this fails on your system:
23 error     node-modules/.bin/eslint **/*.js
23 error You can get information on how to open an issue for this project with:
23 error     npm bugs server
23 error Or if that isn't available, you can get their info via:
23 error     npm owner ls server
23 error There is likely additional logging output above.
24 verbose exit [ 1, true ]
